<?xml version="1.0" encoding="UTF-8"?>
<!-- Generated by org.testng.reporters.JUnitReportReporter -->
<testsuite hostname="LAPTOP-7S8Q2J5A" failures="0" tests="1" name="tests.StoreToCartTest" time="37.265" errors="0" timestamp="2022-03-31T17:45:04 IST" skipped="0">
  <testcase classname="tests.StoreToCartTest" name="storeToCart" time="37.265"/>
  <system-out/>
</testsuite> <!-- tests.StoreToCartTest -->
