<?xml version="1.0" encoding="UTF-8"?>
<!-- Generated by org.testng.reporters.JUnitReportReporter -->
<testsuite hostname="LAPTOP-7S8Q2J5A" failures="0" tests="1" name="tests.HomeTes" time="40.154" errors="0" timestamp="2022-03-22T12:03:57 IST" skipped="0">
  <testcase classname="tests.HomeTes" name="run" time="40.154"/>
  <system-out/>
</testsuite> <!-- tests.HomeTes -->
