<?xml version="1.0" encoding="UTF-8"?>
<!-- Generated by org.testng.reporters.JUnitReportReporter -->
<testsuite hostname="LAPTOP-7S8Q2J5A" failures="0" tests="1" name="tests.NavigationTest" time="46.430" errors="0" timestamp="2022-03-31T16:45:21 IST" skipped="0">
  <testcase classname="tests.NavigationTest" name="NavigateFromHomeToProductPage" time="46.430"/>
  <system-out/>
</testsuite> <!-- tests.NavigationTest -->
