<?xml version="1.0" encoding="UTF-8"?>
<!-- Generated by org.testng.reporters.JUnitReportReporter -->
<testsuite hostname="LAPTOP-7S8Q2J5A" failures="0" tests="1" name="tests.StoreToCheckOutTest" time="51.358" errors="0" timestamp="2022-03-31T17:53:46 IST" skipped="0">
  <testcase classname="tests.StoreToCheckOutTest" name="storeToCart" time="51.358"/>
  <system-out/>
</testsuite> <!-- tests.StoreToCheckOutTest -->
