<?xml version="1.0" encoding="UTF-8"?>
<!-- Generated by org.testng.reporters.JUnitReportReporter -->
<testsuite hostname="LAPTOP-7S8Q2J5A" failures="0" tests="1" name="tests.OrderFlowTest" time="60.645" errors="0" timestamp="2022-03-31T13:09:51 IST" skipped="0">
  <testcase classname="tests.OrderFlowTest" name="runStore" time="60.645"/>
  <system-out/>
</testsuite> <!-- tests.OrderFlowTest -->
