<?xml version="1.0" encoding="UTF-8"?>
<!-- Generated by org.testng.reporters.JUnitReportReporter -->
<testsuite hostname="LAPTOP-7S8Q2J5A" failures="0" tests="1" name="tests.StoreToCheckOutTest" time="60.999" errors="0" timestamp="2022-04-01T16:25:13 IST" skipped="0">
  <testcase classname="tests.StoreToCheckOutTest" name="storeToCart" time="60.999"/>
  <system-out/>
</testsuite> <!-- tests.StoreToCheckOutTest -->
