<?xml version="1.0" encoding="UTF-8"?>
<!-- Generated by org.testng.reporters.JUnitReportReporter -->
<testsuite hostname="LAPTOP-7S8Q2J5A" failures="0" tests="1" name="tests.StorePageTest" time="53.727" errors="0" timestamp="2022-03-29T11:39:24 IST" skipped="0">
  <testcase classname="tests.StorePageTest" name="runStore" time="53.727"/>
  <system-out/>
</testsuite> <!-- tests.StorePageTest -->
